c:\users\x\com_study\cominplaincpart2\cominplaincpart2\x64\debug\vc143.pdb
c:\users\x\com_study\cominplaincpart2\cominplaincpart2\x64\debug\vc143.idb
c:\users\x\com_study\cominplaincpart2\cominplaincpart2\x64\debug\iexample.obj
c:\users\x\com_study\cominplaincpart2\cominplaincpart2\x64\debug\cominplaincpart2.tlb
c:\users\x\com_study\cominplaincpart2\cominplaincpart2\iexample_i.c
c:\users\x\com_study\cominplaincpart2\cominplaincpart2\iexample_h.h
c:\users\x\com_study\cominplaincpart2\x64\debug\cominplaincpart2.pdb
c:\users\x\com_study\cominplaincpart2\cominplaincpart2\x64\debug\cominplaincpart2.tlog\cl.command.1.tlog
c:\users\x\com_study\cominplaincpart2\cominplaincpart2\x64\debug\cominplaincpart2.tlog\cl.read.1.tlog
c:\users\x\com_study\cominplaincpart2\cominplaincpart2\x64\debug\cominplaincpart2.tlog\cl.write.1.tlog
c:\users\x\com_study\cominplaincpart2\cominplaincpart2\x64\debug\cominplaincpart2.tlog\link-cvtres.read.1.tlog
c:\users\x\com_study\cominplaincpart2\cominplaincpart2\x64\debug\cominplaincpart2.tlog\link-cvtres.write.1.tlog
c:\users\x\com_study\cominplaincpart2\cominplaincpart2\x64\debug\cominplaincpart2.tlog\link-rc.read.1.tlog
c:\users\x\com_study\cominplaincpart2\cominplaincpart2\x64\debug\cominplaincpart2.tlog\link-rc.write.1.tlog
c:\users\x\com_study\cominplaincpart2\cominplaincpart2\x64\debug\cominplaincpart2.tlog\link.command.1.tlog
c:\users\x\com_study\cominplaincpart2\cominplaincpart2\x64\debug\cominplaincpart2.tlog\link.read.1.tlog
c:\users\x\com_study\cominplaincpart2\cominplaincpart2\x64\debug\cominplaincpart2.tlog\link.read.2.tlog
c:\users\x\com_study\cominplaincpart2\cominplaincpart2\x64\debug\cominplaincpart2.tlog\link.write.1.tlog
c:\users\x\com_study\cominplaincpart2\cominplaincpart2\x64\debug\cominplaincpart2.tlog\midl.command.1.tlog
c:\users\x\com_study\cominplaincpart2\cominplaincpart2\x64\debug\cominplaincpart2.tlog\midl.read.1.tlog
c:\users\x\com_study\cominplaincpart2\cominplaincpart2\x64\debug\cominplaincpart2.tlog\midl.write.1.tlog
