  64 bit Processing .\IExample.idl
  IExample.idl
  64 bit Processing C:\Program Files (x86)\Windows Kits\10\Include\10.0.22621.0\um\oaidl.idl
  oaidl.idl
  64 bit Processing C:\Program Files (x86)\Windows Kits\10\Include\10.0.22621.0\um\objidl.idl
  objidl.idl
  64 bit Processing C:\Program Files (x86)\Windows Kits\10\Include\10.0.22621.0\um\unknwn.idl
  unknwn.idl
  64 bit Processing C:\Program Files (x86)\Windows Kits\10\Include\10.0.22621.0\shared\wtypes.idl
  wtypes.idl
  64 bit Processing C:\Program Files (x86)\Windows Kits\10\Include\10.0.22621.0\shared\wtypesbase.idl
  wtypesbase.idl
  64 bit Processing C:\Program Files (x86)\Windows Kits\10\Include\10.0.22621.0\shared\basetsd.h
  basetsd.h
  64 bit Processing C:\Program Files (x86)\Windows Kits\10\Include\10.0.22621.0\shared\guiddef.h
  guiddef.h
  64 bit Processing C:\Program Files (x86)\Windows Kits\10\Include\10.0.22621.0\um\oaidl.acf
  oaidl.acf
  IExample.c
C:\Users\x\COM_Study\ComInPlainCPart2\ComInPlainCPart2\IExample.c(229,52): warning C4142: 'FactoryAddRef': benign redefinition of type
  C:\Users\x\COM_Study\ComInPlainCPart2\ComInPlainCPart2\IExample.c(19,27):
  see declaration of 'FactoryAddRef'
  
C:\Users\x\COM_Study\ComInPlainCPart2\ComInPlainCPart2\IExample.c(233,53): warning C4142: 'FactoryRelease': benign redefinition of type
  C:\Users\x\COM_Study\ComInPlainCPart2\ComInPlainCPart2\IExample.c(20,27):
  see declaration of 'FactoryRelease'
  
C:\Users\x\COM_Study\ComInPlainCPart2\ComInPlainCPart2\IExample.c(251,35): warning C4090: '=': different 'const' qualifiers
C:\Users\x\COM_Study\ComInPlainCPart2\ComInPlainCPart2\IExample.c(252,27): warning C4133: 'function': incompatible types - from 'IExamplePtrForDll' to 'IExample *'
C:\Users\x\COM_Study\ComInPlainCPart2\ComInPlainCPart2\IExample.c(253,40): warning C4133: 'function': incompatible types - from 'IExamplePtrForDll' to 'IExample *'
C:\Users\x\COM_Study\ComInPlainCPart2\ComInPlainCPart2\IExample.c(255,28): warning C4133: 'function': incompatible types - from 'IExamplePtrForDll' to 'IExample *'
C:\Users\x\COM_Study\ComInPlainCPart2\ComInPlainCPart2\IExample.c(291,44): warning C4090: '=': different 'const' qualifiers
     Creating library C:\Users\x\COM_Study\ComInPlainCPart2\x64\Release\IExample.lib and object C:\Users\x\COM_Study\ComInPlainCPart2\x64\Release\IExample.exp
  Generating code
  Previous IPDB not found, fall back to full compilation.
  All 18 functions were compiled because no usable IPDB/IOBJ from previous compilation was found.
  Finished generating code
  ComInPlainCPart2.vcxproj -> C:\Users\x\COM_Study\ComInPlainCPart2\x64\Release\IExample.dll
