c:\users\x\com_study\cominplaincpart2\cominplaincpart2\x64\release\vc143.pdb
c:\users\x\com_study\cominplaincpart2\cominplaincpart2\x64\release\iexample.obj
c:\users\x\com_study\cominplaincpart2\x64\release\iexample.dll
c:\users\x\com_study\cominplaincpart2\cominplaincpart2\x64\release\iexample.ipdb
c:\users\x\com_study\cominplaincpart2\x64\release\iexample.pdb
c:\users\x\com_study\cominplaincpart2\cominplaincpart2\x64\release\iexample.iobj
c:\users\x\com_study\cominplaincpart2\x64\release\iexample.lib
c:\users\x\com_study\cominplaincpart2\x64\release\iexample.exp
c:\users\x\com_study\cominplaincpart2\cominplaincpart2\x64\release\cominplaincpart2.tlb
c:\users\x\com_study\cominplaincpart2\cominplaincpart2\iexample_i.c
c:\users\x\com_study\cominplaincpart2\cominplaincpart2\iexample_h.h
c:\users\x\com_study\cominplaincpart2\cominplaincpart2\x64\release\iexample.tlb
c:\users\x\com_study\cominplaincpart2\cominplaincpart2\x64\release\cominplaincpart2.tlog\cl.command.1.tlog
c:\users\x\com_study\cominplaincpart2\cominplaincpart2\x64\release\cominplaincpart2.tlog\cl.items.tlog
c:\users\x\com_study\cominplaincpart2\cominplaincpart2\x64\release\cominplaincpart2.tlog\cl.read.1.tlog
c:\users\x\com_study\cominplaincpart2\cominplaincpart2\x64\release\cominplaincpart2.tlog\cl.write.1.tlog
c:\users\x\com_study\cominplaincpart2\cominplaincpart2\x64\release\cominplaincpart2.tlog\link.command.1.tlog
c:\users\x\com_study\cominplaincpart2\cominplaincpart2\x64\release\cominplaincpart2.tlog\link.read.1.tlog
c:\users\x\com_study\cominplaincpart2\cominplaincpart2\x64\release\cominplaincpart2.tlog\link.write.1.tlog
c:\users\x\com_study\cominplaincpart2\cominplaincpart2\x64\release\cominplaincpart2.tlog\link.write.2u.tlog
c:\users\x\com_study\cominplaincpart2\cominplaincpart2\x64\release\cominplaincpart2.tlog\midl.command.1.tlog
c:\users\x\com_study\cominplaincpart2\cominplaincpart2\x64\release\cominplaincpart2.tlog\midl.read.1.tlog
c:\users\x\com_study\cominplaincpart2\cominplaincpart2\x64\release\cominplaincpart2.tlog\midl.write.1.tlog
